<?xml version="1.0" encoding="UTF-8"?>
<testsuite xmlns:xsi="http://www.w3.org/2001/XMLSchema-instance" xsi:noNamespaceSchemaLocation="https://maven.apache.org/surefire/maven-surefire-plugin/xsd/surefire-test-report.xsd" name="TestSuite" time="62.2" tests="25" errors="0" skipped="24" failures="1">
  <properties>
[...]
</properties>
  <testcase name="abrirNavegador" classname="pruebas.Clase5bTest" time="60.582">
    <failure message="&#10;Parameter &apos;navegador&apos; is required by BeforeTest on method abrirNavegador but has not been marked @Optional or defined&#10;" type="org.testng.TestNGException">org.testng.TestNGException: 

Parameter 'navegador' is required by BeforeTest on method abrirNavegador but has not been marked @Optional or defined

</failure>
    <system-err><![CDATA[SLF4J: Failed to load class "org.slf4j.impl.StaticLoggerBinder".
SLF4J: Defaulting to no-operation (NOP) logger implementation
SLF4J: See http://www.slf4j.org/codes.html#StaticLoggerBinder for further details.
ERROR StatusLogger Log4j2 could not find a logging implementation. Please add log4j-core to the classpath. Using SimpleLogger to log to the console...
nov. 01, 2023 10:26:30 A. M. org.openqa.selenium.devtools.CdpVersionFinder findNearestMatch
WARNING: Unable to find an exact match for CDP version 118, so returning the closest version found: 116
nov. 01, 2023 10:26:47 A. M. org.openqa.selenium.devtools.CdpVersionFinder findNearestMatch
WARNING: Unable to find an exact match for CDP version 118, so returning the closest version found: 116
nov. 01, 2023 10:26:59 A. M. org.openqa.selenium.devtools.CdpVersionFinder findNearestMatch
WARNING: Unable to find an exact match for CDP version 118, so returning the closest version found: 116
nov. 01, 2023 10:27:08 A. M. org.openqa.selenium.devtools.CdpVersionFinder findNearestMatch
WARNING: Unable to find an exact match for CDP version 118, so returning the closest version found: 116
]]></system-err>
  </testcase>
  <testcase name="testBaseDeDatos" classname="edit.EducacionIT_65089.AccesoABaseDeDatosTest" time="0">
    <skipped message="&#10;Parameter &apos;navegador&apos; is required by BeforeTest on method abrirNavegador but has not been marked @Optional or defined&#10;"/>
  </testcase>
  <testcase name="shouldAnswerWithTrue" classname="edit.EducacionIT_65089.AppTest" time="0">
    <skipped message="&#10;Parameter &apos;navegador&apos; is required by BeforeTest on method abrirNavegador but has not been marked @Optional or defined&#10;"/>
  </testcase>
  <testcase name="buscarPalabraEnEdge" classname="edit.EducacionIT_65089.Clase1Test" time="0">
    <skipped message="&#10;Parameter &apos;navegador&apos; is required by BeforeTest on method abrirNavegador but has not been marked @Optional or defined&#10;"/>
  </testcase>
  <testcase name="buscarPalabraEnFirefox" classname="edit.EducacionIT_65089.Clase1Test" time="0">
    <skipped message="&#10;Parameter &apos;navegador&apos; is required by BeforeTest on method abrirNavegador but has not been marked @Optional or defined&#10;"/>
  </testcase>
  <testcase name="registrarUsuario" classname="edit.EducacionIT_65089.Clase2Test" time="0">
    <skipped message="&#10;Parameter &apos;navegador&apos; is required by BeforeTest on method abrirNavegador but has not been marked @Optional or defined&#10;"/>
  </testcase>
  <testcase name="irAContactanos" classname="edit.EducacionIT_65089.Clase3Test" time="0">
    <skipped message="&#10;Parameter &apos;navegador&apos; is required by BeforeTest on method abrirNavegador but has not been marked @Optional or defined&#10;"/>
  </testcase>
  <testcase name="buscarPalabra" classname="edit.EducacionIT_65089.Clase3Test" time="0">
    <skipped message="&#10;Parameter &apos;navegador&apos; is required by BeforeTest on method abrirNavegador but has not been marked @Optional or defined&#10;"/>
  </testcase>
  <testcase name="testMobileEmulation" classname="edit.EducacionIT_65089.MobileEmulationTest" time="0">
    <skipped message="&#10;Parameter &apos;navegador&apos; is required by BeforeTest on method abrirNavegador but has not been marked @Optional or defined&#10;"/>
  </testcase>
  <testcase name="scrollScreenshotTest" classname="edit.EducacionIT_65089.ScrollScreenshotTest" time="0">
    <skipped message="&#10;Parameter &apos;navegador&apos; is required by BeforeTest on method abrirNavegador but has not been marked @Optional or defined&#10;"/>
  </testcase>
  <testcase name="buscarPalabra" classname="pruebas.Clase4Test" time="0">
    <skipped message="&#10;Parameter &apos;navegador&apos; is required by BeforeTest on method abrirNavegador but has not been marked @Optional or defined&#10;"/>
  </testcase>
  <testcase name="login" classname="pruebas.Clase4Test" time="0">
    <skipped message="&#10;Parameter &apos;navegador&apos; is required by BeforeTest on method abrirNavegador but has not been marked @Optional or defined&#10;"/>
  </testcase>
  <testcase name="buscarPalabra" classname="pruebas.Clase5bTest" time="0">
    <skipped message="&#10;Parameter &apos;navegador&apos; is required by BeforeTest on method abrirNavegador but has not been marked @Optional or defined&#10;"/>
  </testcase>
  <testcase name="login" classname="pruebas.Clase5Test" time="0">
    <skipped message="&#10;Parameter &apos;navegador&apos; is required by BeforeTest on method abrirNavegador but has not been marked @Optional or defined&#10;"/>
    <system-out><![CDATA[Hoja1
]]></system-out>
  </testcase>
  <testcase name="login" classname="pruebas.Clase5Test" time="0">
    <skipped message="&#10;Parameter &apos;navegador&apos; is required by BeforeTest on method abrirNavegador but has not been marked @Optional or defined&#10;"/>
  </testcase>
  <testcase name="login" classname="pruebas.Clase5Test" time="0">
    <skipped message="&#10;Parameter &apos;navegador&apos; is required by BeforeTest on method abrirNavegador but has not been marked @Optional or defined&#10;"/>
  </testcase>
  <testcase name="login" classname="pruebas.Clase5Test" time="0">
    <skipped message="&#10;Parameter &apos;navegador&apos; is required by BeforeTest on method abrirNavegador but has not been marked @Optional or defined&#10;"/>
  </testcase>
  <testcase name="login" classname="pruebas.Clase5Test" time="0">
    <skipped message="&#10;Parameter &apos;navegador&apos; is required by BeforeTest on method abrirNavegador but has not been marked @Optional or defined&#10;"/>
  </testcase>
  <testcase name="alertaEspera" classname="pruebas.Clase6Test" time="0">
    <skipped message="&#10;Parameter &apos;navegador&apos; is required by BeforeTest on method abrirNavegador but has not been marked @Optional or defined&#10;"/>
  </testcase>
  <testcase name="alertaNotificacion" classname="pruebas.Clase6Test" time="0">
    <skipped message="&#10;Parameter &apos;navegador&apos; is required by BeforeTest on method abrirNavegador but has not been marked @Optional or defined&#10;"/>
  </testcase>
  <testcase name="cerrarNavegador" classname="edit.EducacionIT_65089.Clase3Test" time="0">
    <skipped/>
  </testcase>
  <testcase name="cerrarNavegador" classname="pruebas.Clase4Test" time="0">
    <skipped/>
  </testcase>
  <testcase name="cerrarNavegador" classname="pruebas.Clase5Test" time="0">
    <skipped/>
  </testcase>
  <testcase name="cerrarNavegador" classname="pruebas.Clase5bTest" time="0">
    <skipped/>
  </testcase>
  <testcase name="cerrarNavegador" classname="pruebas.Clase6Test" time="0">
    <skipped/>
  </testcase>
</testsuite>